2024-06-07 20:00:31,243:WARNING:
'cuml' is a soft dependency and not included in the pycaret installation. Please run: `pip install cuml` to install.
2024-06-07 20:00:31,243:WARNING:
'cuml' is a soft dependency and not included in the pycaret installation. Please run: `pip install cuml` to install.
2024-06-07 20:00:31,243:WARNING:
'cuml' is a soft dependency and not included in the pycaret installation. Please run: `pip install cuml` to install.
2024-06-07 20:00:31,244:WARNING:
'cuml' is a soft dependency and not included in the pycaret installation. Please run: `pip install cuml` to install.
2024-06-07 20:04:05,891:WARNING:/home/codespace/.python/current/lib/python3.10/site-packages/librosa/core/pitch.py:101: UserWarning: Trying to estimate tuning from empty frequency set.
  return pitch_tuning(

2024-06-07 20:07:37,190:INFO:PyCaret ClassificationExperiment
2024-06-07 20:07:37,190:INFO:Logging name: clf-default-name
2024-06-07 20:07:37,190:INFO:ML Usecase: MLUsecase.CLASSIFICATION
2024-06-07 20:07:37,190:INFO:version 3.3.2
2024-06-07 20:07:37,190:INFO:Initializing setup()
2024-06-07 20:07:37,190:INFO:self.USI: 8f28
2024-06-07 20:07:37,190:INFO:self._variable_keys: {'X', 'seed', '_available_plots', 'memory', 'y', 'gpu_n_jobs_param', 'USI', 'html_param', 'y_test', 'target_param', 'fold_shuffle_param', 'X_train', 'X_test', 'pipeline', 'exp_name_log', 'fix_imbalance', '_ml_usecase', 'n_jobs_param', 'idx', 'y_train', 'logging_param', 'fold_generator', 'gpu_param', 'log_plots_param', 'data', 'is_multiclass', 'exp_id', 'fold_groups_param'}
2024-06-07 20:07:37,190:INFO:Checking environment
2024-06-07 20:07:37,190:INFO:python_version: 3.10.13
2024-06-07 20:07:37,190:INFO:python_build: ('main', 'May 30 2024 20:38:07')
2024-06-07 20:07:37,191:INFO:machine: x86_64
2024-06-07 20:07:37,191:INFO:platform: Linux-6.5.0-1021-azure-x86_64-with-glibc2.31
2024-06-07 20:07:37,191:INFO:Memory: svmem(total=8314748928, available=4191125504, percent=49.6, used=3792195584, free=1581531136, active=4423032832, inactive=1751646208, buffers=151560192, cached=2789462016, shared=1277952, slab=376074240)
2024-06-07 20:07:37,192:INFO:Physical Core: 1
2024-06-07 20:07:37,192:INFO:Logical Core: 2
2024-06-07 20:07:37,192:INFO:Checking libraries
2024-06-07 20:07:37,192:INFO:System:
2024-06-07 20:07:37,192:INFO:    python: 3.10.13 (main, May 30 2024, 20:38:07) [GCC 9.4.0]
2024-06-07 20:07:37,192:INFO:executable: /home/codespace/.python/current/bin/python3
2024-06-07 20:07:37,192:INFO:   machine: Linux-6.5.0-1021-azure-x86_64-with-glibc2.31
2024-06-07 20:07:37,192:INFO:PyCaret required dependencies:
2024-06-07 20:07:37,221:INFO:                 pip: 24.0
2024-06-07 20:07:37,221:INFO:          setuptools: 68.2.2
2024-06-07 20:07:37,221:INFO:             pycaret: 3.3.2
2024-06-07 20:07:37,221:INFO:             IPython: 8.24.0
2024-06-07 20:07:37,221:INFO:          ipywidgets: 8.1.3
2024-06-07 20:07:37,221:INFO:                tqdm: 4.66.4
2024-06-07 20:07:37,221:INFO:               numpy: 1.26.4
2024-06-07 20:07:37,221:INFO:              pandas: 2.1.4
2024-06-07 20:07:37,221:INFO:              jinja2: 3.1.4
2024-06-07 20:07:37,221:INFO:               scipy: 1.11.4
2024-06-07 20:07:37,222:INFO:              joblib: 1.3.2
2024-06-07 20:07:37,222:INFO:             sklearn: 1.4.2
2024-06-07 20:07:37,222:INFO:                pyod: 2.0.0
2024-06-07 20:07:37,222:INFO:            imblearn: 0.12.3
2024-06-07 20:07:37,222:INFO:   category_encoders: 2.6.3
2024-06-07 20:07:37,222:INFO:            lightgbm: 4.3.0
2024-06-07 20:07:37,222:INFO:               numba: 0.59.1
2024-06-07 20:07:37,222:INFO:            requests: 2.32.3
2024-06-07 20:07:37,222:INFO:          matplotlib: 3.7.5
2024-06-07 20:07:37,222:INFO:          scikitplot: 0.3.7
2024-06-07 20:07:37,222:INFO:         yellowbrick: 1.5
2024-06-07 20:07:37,222:INFO:              plotly: 5.22.0
2024-06-07 20:07:37,222:INFO:    plotly-resampler: Not installed
2024-06-07 20:07:37,222:INFO:             kaleido: 0.2.1
2024-06-07 20:07:37,223:INFO:           schemdraw: 0.15
2024-06-07 20:07:37,223:INFO:         statsmodels: 0.14.2
2024-06-07 20:07:37,223:INFO:              sktime: 0.26.0
2024-06-07 20:07:37,223:INFO:               tbats: 1.1.3
2024-06-07 20:07:37,223:INFO:            pmdarima: 2.0.4
2024-06-07 20:07:37,223:INFO:              psutil: 5.9.8
2024-06-07 20:07:37,223:INFO:          markupsafe: 2.1.5
2024-06-07 20:07:37,223:INFO:             pickle5: Not installed
2024-06-07 20:07:37,223:INFO:         cloudpickle: 3.0.0
2024-06-07 20:07:37,223:INFO:         deprecation: 2.1.0
2024-06-07 20:07:37,223:INFO:              xxhash: 3.4.1
2024-06-07 20:07:37,223:INFO:           wurlitzer: 3.1.0
2024-06-07 20:07:37,223:INFO:PyCaret optional dependencies:
2024-06-07 20:07:37,244:INFO:                shap: Not installed
2024-06-07 20:07:37,244:INFO:           interpret: Not installed
2024-06-07 20:07:37,244:INFO:                umap: Not installed
2024-06-07 20:07:37,244:INFO:     ydata_profiling: Not installed
2024-06-07 20:07:37,245:INFO:  explainerdashboard: Not installed
2024-06-07 20:07:37,245:INFO:             autoviz: Not installed
2024-06-07 20:07:37,245:INFO:           fairlearn: Not installed
2024-06-07 20:07:37,245:INFO:          deepchecks: Not installed
2024-06-07 20:07:37,245:INFO:             xgboost: Not installed
2024-06-07 20:07:37,245:INFO:            catboost: Not installed
2024-06-07 20:07:37,245:INFO:              kmodes: Not installed
2024-06-07 20:07:37,245:INFO:             mlxtend: Not installed
2024-06-07 20:07:37,245:INFO:       statsforecast: Not installed
2024-06-07 20:07:37,245:INFO:        tune_sklearn: Not installed
2024-06-07 20:07:37,245:INFO:                 ray: Not installed
2024-06-07 20:07:37,245:INFO:            hyperopt: Not installed
2024-06-07 20:07:37,245:INFO:              optuna: Not installed
2024-06-07 20:07:37,245:INFO:               skopt: Not installed
2024-06-07 20:07:37,246:INFO:              mlflow: Not installed
2024-06-07 20:07:37,246:INFO:              gradio: Not installed
2024-06-07 20:07:37,246:INFO:             fastapi: Not installed
2024-06-07 20:07:37,246:INFO:             uvicorn: Not installed
2024-06-07 20:07:37,246:INFO:              m2cgen: Not installed
2024-06-07 20:07:37,246:INFO:           evidently: Not installed
2024-06-07 20:07:37,246:INFO:               fugue: Not installed
2024-06-07 20:07:37,246:INFO:           streamlit: Not installed
2024-06-07 20:07:37,246:INFO:             prophet: Not installed
2024-06-07 20:07:37,246:INFO:None
2024-06-07 20:07:37,246:INFO:Set up data.
2024-06-07 20:07:37,255:INFO:Set up folding strategy.
2024-06-07 20:07:37,255:INFO:Set up train/test split.
2024-06-07 20:07:37,263:INFO:Set up index.
2024-06-07 20:07:37,264:INFO:Assigning column types.
2024-06-07 20:07:37,270:INFO:Engine successfully changes for model 'lr' to 'sklearn'.
2024-06-07 20:07:37,355:INFO:Engine for model 'knn' has not been set explicitly, hence returning None.
2024-06-07 20:07:37,360:INFO:Engine for model 'rbfsvm' has not been set explicitly, hence returning None.
2024-06-07 20:07:37,417:WARNING:
'xgboost' is a soft dependency and not included in the pycaret installation. Please run: `pip install xgboost` to install.
Alternately, you can install this by running `pip install pycaret[models]`
2024-06-07 20:07:37,418:WARNING:
'catboost' is a soft dependency and not included in the pycaret installation. Please run: `pip install catboost` to install.
Alternately, you can install this by running `pip install pycaret[models]`
2024-06-07 20:07:37,502:INFO:Engine for model 'knn' has not been set explicitly, hence returning None.
2024-06-07 20:07:37,503:INFO:Engine for model 'rbfsvm' has not been set explicitly, hence returning None.
2024-06-07 20:07:37,555:WARNING:
'xgboost' is a soft dependency and not included in the pycaret installation. Please run: `pip install xgboost` to install.
Alternately, you can install this by running `pip install pycaret[models]`
2024-06-07 20:07:37,555:WARNING:
'catboost' is a soft dependency and not included in the pycaret installation. Please run: `pip install catboost` to install.
Alternately, you can install this by running `pip install pycaret[models]`
2024-06-07 20:07:37,556:INFO:Engine successfully changes for model 'knn' to 'sklearn'.
2024-06-07 20:07:37,638:INFO:Engine for model 'rbfsvm' has not been set explicitly, hence returning None.
2024-06-07 20:07:37,687:WARNING:
'xgboost' is a soft dependency and not included in the pycaret installation. Please run: `pip install xgboost` to install.
Alternately, you can install this by running `pip install pycaret[models]`
2024-06-07 20:07:37,688:WARNING:
'catboost' is a soft dependency and not included in the pycaret installation. Please run: `pip install catboost` to install.
Alternately, you can install this by running `pip install pycaret[models]`
2024-06-07 20:07:37,755:INFO:Engine for model 'rbfsvm' has not been set explicitly, hence returning None.
2024-06-07 20:07:37,797:WARNING:
'xgboost' is a soft dependency and not included in the pycaret installation. Please run: `pip install xgboost` to install.
Alternately, you can install this by running `pip install pycaret[models]`
2024-06-07 20:07:37,798:WARNING:
'catboost' is a soft dependency and not included in the pycaret installation. Please run: `pip install catboost` to install.
Alternately, you can install this by running `pip install pycaret[models]`
2024-06-07 20:07:37,798:INFO:Engine successfully changes for model 'rbfsvm' to 'sklearn'.
2024-06-07 20:07:37,879:WARNING:
'xgboost' is a soft dependency and not included in the pycaret installation. Please run: `pip install xgboost` to install.
Alternately, you can install this by running `pip install pycaret[models]`
2024-06-07 20:07:37,879:WARNING:
'catboost' is a soft dependency and not included in the pycaret installation. Please run: `pip install catboost` to install.
Alternately, you can install this by running `pip install pycaret[models]`
2024-06-07 20:07:37,976:WARNING:
'xgboost' is a soft dependency and not included in the pycaret installation. Please run: `pip install xgboost` to install.
Alternately, you can install this by running `pip install pycaret[models]`
2024-06-07 20:07:37,976:WARNING:
'catboost' is a soft dependency and not included in the pycaret installation. Please run: `pip install catboost` to install.
Alternately, you can install this by running `pip install pycaret[models]`
2024-06-07 20:07:37,978:INFO:Preparing preprocessing pipeline...
2024-06-07 20:07:37,979:INFO:Set up label encoding.
2024-06-07 20:07:37,979:INFO:Set up simple imputation.
2024-06-07 20:07:38,013:INFO:Finished creating preprocessing pipeline.
2024-06-07 20:07:38,017:INFO:Pipeline: Pipeline(memory=FastMemory(location=/tmp/joblib),
         steps=[('label_encoding',
                 TransformerWrapperWithInverse(exclude=None, include=None,
                                               transformer=LabelEncoder())),
                ('numerical_imputer',
                 TransformerWrapper(exclude=None,
                                    include=['chroma_stft', 'chroma_cqt',
                                             'chroma_cens', 'rmse',
                                             'spectral_centroid',
                                             'spectral_bandwidth',
                                             'spectral_contrast',
                                             'spectral_flatness',...
                                    transformer=SimpleImputer(add_indicator=False,
                                                              copy=True,
                                                              fill_value=None,
                                                              keep_empty_features=False,
                                                              missing_values=nan,
                                                              strategy='mean'))),
                ('categorical_imputer',
                 TransformerWrapper(exclude=None, include=[],
                                    transformer=SimpleImputer(add_indicator=False,
                                                              copy=True,
                                                              fill_value=None,
                                                              keep_empty_features=False,
                                                              missing_values=nan,
                                                              strategy='most_frequent')))],
         verbose=False)
2024-06-07 20:07:38,018:INFO:Creating final display dataframe.
2024-06-07 20:07:38,096:INFO:Setup _display_container:                     Description             Value
0                    Session id               123
1                        Target             label
2                   Target type            Binary
3                Target mapping        1: 0, 2: 1
4           Original data shape          (67, 15)
5        Transformed data shape          (67, 15)
6   Transformed train set shape          (46, 15)
7    Transformed test set shape          (21, 15)
8              Numeric features                14
9                    Preprocess              True
10              Imputation type            simple
11           Numeric imputation              mean
12       Categorical imputation              mode
13               Fold Generator   StratifiedKFold
14                  Fold Number                10
15                     CPU Jobs                -1
16                      Use GPU             False
17               Log Experiment             False
18              Experiment Name  clf-default-name
19                          USI              8f28
2024-06-07 20:07:38,206:WARNING:
'xgboost' is a soft dependency and not included in the pycaret installation. Please run: `pip install xgboost` to install.
Alternately, you can install this by running `pip install pycaret[models]`
2024-06-07 20:07:38,206:WARNING:
'catboost' is a soft dependency and not included in the pycaret installation. Please run: `pip install catboost` to install.
Alternately, you can install this by running `pip install pycaret[models]`
2024-06-07 20:07:38,311:WARNING:
'xgboost' is a soft dependency and not included in the pycaret installation. Please run: `pip install xgboost` to install.
Alternately, you can install this by running `pip install pycaret[models]`
2024-06-07 20:07:38,312:WARNING:
'catboost' is a soft dependency and not included in the pycaret installation. Please run: `pip install catboost` to install.
Alternately, you can install this by running `pip install pycaret[models]`
2024-06-07 20:07:38,313:INFO:setup() successfully completed in 1.13s...............
2024-06-07 20:07:38,318:INFO:Initializing save_model()
2024-06-07 20:07:38,318:INFO:save_model(model=RandomForestClassifier(bootstrap=True, ccp_alpha=0.0, class_weight=None,
                       criterion='gini', max_depth=None, max_features='sqrt',
                       max_leaf_nodes=None, max_samples=None,
                       min_impurity_decrease=0.0, min_samples_leaf=1,
                       min_samples_split=2, min_weight_fraction_leaf=0.0,
                       monotonic_cst=None, n_estimators=100, n_jobs=-1,
                       oob_score=False, random_state=123, verbose=0,
                       warm_start=False), model_name=Modelo_RFC, prep_pipe_=Pipeline(memory=FastMemory(location=/tmp/joblib),
         steps=[('label_encoding',
                 TransformerWrapperWithInverse(exclude=None, include=None,
                                               transformer=LabelEncoder())),
                ('numerical_imputer',
                 TransformerWrapper(exclude=None,
                                    include=['chroma_stft', 'chroma_cqt',
                                             'chroma_cens', 'rmse',
                                             'spectral_centroid',
                                             'spectral_bandwidth',
                                             'spectral_contrast',
                                             'spectral_flatness',...
                                    transformer=SimpleImputer(add_indicator=False,
                                                              copy=True,
                                                              fill_value=None,
                                                              keep_empty_features=False,
                                                              missing_values=nan,
                                                              strategy='mean'))),
                ('categorical_imputer',
                 TransformerWrapper(exclude=None, include=[],
                                    transformer=SimpleImputer(add_indicator=False,
                                                              copy=True,
                                                              fill_value=None,
                                                              keep_empty_features=False,
                                                              missing_values=nan,
                                                              strategy='most_frequent')))],
         verbose=False), verbose=True, use_case=MLUsecase.CLASSIFICATION, kwargs={})
2024-06-07 20:07:38,318:INFO:Adding model into prep_pipe
2024-06-07 20:07:38,360:INFO:Modelo_RFC.pkl saved in current working directory
2024-06-07 20:07:38,364:INFO:Pipeline(memory=Memory(location=None),
         steps=[('label_encoding',
                 TransformerWrapperWithInverse(exclude=None, include=None,
                                               transformer=LabelEncoder())),
                ('numerical_imputer',
                 TransformerWrapper(exclude=None,
                                    include=['chroma_stft', 'chroma_cqt',
                                             'chroma_cens', 'rmse',
                                             'spectral_centroid',
                                             'spectral_bandwidth',
                                             'spectral_contrast',
                                             'spectral_flatness',
                                             'spectral_r...
                 RandomForestClassifier(bootstrap=True, ccp_alpha=0.0,
                                        class_weight=None, criterion='gini',
                                        max_depth=None, max_features='sqrt',
                                        max_leaf_nodes=None, max_samples=None,
                                        min_impurity_decrease=0.0,
                                        min_samples_leaf=1, min_samples_split=2,
                                        min_weight_fraction_leaf=0.0,
                                        monotonic_cst=None, n_estimators=100,
                                        n_jobs=-1, oob_score=False,
                                        random_state=123, verbose=0,
                                        warm_start=False))],
         verbose=False)
2024-06-07 20:07:38,365:INFO:save_model() successfully completed......................................
2024-06-07 20:21:45,691:WARNING:
'cuml' is a soft dependency and not included in the pycaret installation. Please run: `pip install cuml` to install.
2024-06-07 20:21:45,691:WARNING:
'cuml' is a soft dependency and not included in the pycaret installation. Please run: `pip install cuml` to install.
2024-06-07 20:21:45,691:WARNING:
'cuml' is a soft dependency and not included in the pycaret installation. Please run: `pip install cuml` to install.
2024-06-07 20:21:45,691:WARNING:
'cuml' is a soft dependency and not included in the pycaret installation. Please run: `pip install cuml` to install.
2024-06-07 20:21:48,636:WARNING:/home/codespace/.python/current/lib/python3.10/site-packages/librosa/core/pitch.py:101: UserWarning: Trying to estimate tuning from empty frequency set.
  return pitch_tuning(

2024-06-07 20:25:07,636:INFO:PyCaret ClassificationExperiment
2024-06-07 20:25:07,636:INFO:Logging name: clf-default-name
2024-06-07 20:25:07,636:INFO:ML Usecase: MLUsecase.CLASSIFICATION
2024-06-07 20:25:07,637:INFO:version 3.3.2
2024-06-07 20:25:07,637:INFO:Initializing setup()
2024-06-07 20:25:07,637:INFO:self.USI: 517f
2024-06-07 20:25:07,637:INFO:self._variable_keys: {'fold_groups_param', 'idx', 'exp_id', 'USI', 'seed', 'fold_generator', 'fold_shuffle_param', 'gpu_param', 'X_train', 'is_multiclass', 'memory', 'html_param', 'gpu_n_jobs_param', 'y', 'y_test', 'data', 'n_jobs_param', 'y_train', 'fix_imbalance', '_available_plots', 'X', 'target_param', 'pipeline', '_ml_usecase', 'X_test', 'logging_param', 'log_plots_param', 'exp_name_log'}
2024-06-07 20:25:07,637:INFO:Checking environment
2024-06-07 20:25:07,638:INFO:python_version: 3.10.13
2024-06-07 20:25:07,638:INFO:python_build: ('main', 'May 30 2024 20:38:07')
2024-06-07 20:25:07,638:INFO:machine: x86_64
2024-06-07 20:25:07,638:INFO:platform: Linux-6.5.0-1021-azure-x86_64-with-glibc2.31
2024-06-07 20:25:07,639:INFO:Memory: svmem(total=8314748928, available=4219961344, percent=49.2, used=3763343360, free=1594634240, active=4431781888, inactive=1743147008, buffers=158887936, cached=2797883392, shared=1277952, slab=376573952)
2024-06-07 20:25:07,639:INFO:Physical Core: 1
2024-06-07 20:25:07,640:INFO:Logical Core: 2
2024-06-07 20:25:07,640:INFO:Checking libraries
2024-06-07 20:25:07,640:INFO:System:
2024-06-07 20:25:07,640:INFO:    python: 3.10.13 (main, May 30 2024, 20:38:07) [GCC 9.4.0]
2024-06-07 20:25:07,640:INFO:executable: /home/codespace/.python/current/bin/python3
2024-06-07 20:25:07,641:INFO:   machine: Linux-6.5.0-1021-azure-x86_64-with-glibc2.31
2024-06-07 20:25:07,641:INFO:PyCaret required dependencies:
2024-06-07 20:25:07,659:INFO:                 pip: 24.0
2024-06-07 20:25:07,660:INFO:          setuptools: 68.2.2
2024-06-07 20:25:07,660:INFO:             pycaret: 3.3.2
2024-06-07 20:25:07,660:INFO:             IPython: 8.24.0
2024-06-07 20:25:07,660:INFO:          ipywidgets: 8.1.3
2024-06-07 20:25:07,660:INFO:                tqdm: 4.66.4
2024-06-07 20:25:07,660:INFO:               numpy: 1.26.4
2024-06-07 20:25:07,660:INFO:              pandas: 2.1.4
2024-06-07 20:25:07,660:INFO:              jinja2: 3.1.4
2024-06-07 20:25:07,661:INFO:               scipy: 1.11.4
2024-06-07 20:25:07,661:INFO:              joblib: 1.3.2
2024-06-07 20:25:07,661:INFO:             sklearn: 1.4.2
2024-06-07 20:25:07,661:INFO:                pyod: 2.0.0
2024-06-07 20:25:07,661:INFO:            imblearn: 0.12.3
2024-06-07 20:25:07,661:INFO:   category_encoders: 2.6.3
2024-06-07 20:25:07,661:INFO:            lightgbm: 4.3.0
2024-06-07 20:25:07,661:INFO:               numba: 0.59.1
2024-06-07 20:25:07,662:INFO:            requests: 2.32.3
2024-06-07 20:25:07,662:INFO:          matplotlib: 3.7.5
2024-06-07 20:25:07,662:INFO:          scikitplot: 0.3.7
2024-06-07 20:25:07,662:INFO:         yellowbrick: 1.5
2024-06-07 20:25:07,662:INFO:              plotly: 5.22.0
2024-06-07 20:25:07,662:INFO:    plotly-resampler: Not installed
2024-06-07 20:25:07,662:INFO:             kaleido: 0.2.1
2024-06-07 20:25:07,663:INFO:           schemdraw: 0.15
2024-06-07 20:25:07,663:INFO:         statsmodels: 0.14.2
2024-06-07 20:25:07,663:INFO:              sktime: 0.26.0
2024-06-07 20:25:07,663:INFO:               tbats: 1.1.3
2024-06-07 20:25:07,663:INFO:            pmdarima: 2.0.4
2024-06-07 20:25:07,663:INFO:              psutil: 5.9.8
2024-06-07 20:25:07,663:INFO:          markupsafe: 2.1.5
2024-06-07 20:25:07,663:INFO:             pickle5: Not installed
2024-06-07 20:25:07,663:INFO:         cloudpickle: 3.0.0
2024-06-07 20:25:07,664:INFO:         deprecation: 2.1.0
2024-06-07 20:25:07,664:INFO:              xxhash: 3.4.1
2024-06-07 20:25:07,664:INFO:           wurlitzer: 3.1.0
2024-06-07 20:25:07,664:INFO:PyCaret optional dependencies:
2024-06-07 20:25:07,682:INFO:                shap: Not installed
2024-06-07 20:25:07,682:INFO:           interpret: Not installed
2024-06-07 20:25:07,682:INFO:                umap: Not installed
2024-06-07 20:25:07,682:INFO:     ydata_profiling: Not installed
2024-06-07 20:25:07,683:INFO:  explainerdashboard: Not installed
2024-06-07 20:25:07,683:INFO:             autoviz: Not installed
2024-06-07 20:25:07,683:INFO:           fairlearn: Not installed
2024-06-07 20:25:07,683:INFO:          deepchecks: Not installed
2024-06-07 20:25:07,683:INFO:             xgboost: Not installed
2024-06-07 20:25:07,683:INFO:            catboost: Not installed
2024-06-07 20:25:07,683:INFO:              kmodes: Not installed
2024-06-07 20:25:07,683:INFO:             mlxtend: Not installed
2024-06-07 20:25:07,684:INFO:       statsforecast: Not installed
2024-06-07 20:25:07,684:INFO:        tune_sklearn: Not installed
2024-06-07 20:25:07,684:INFO:                 ray: Not installed
2024-06-07 20:25:07,684:INFO:            hyperopt: Not installed
2024-06-07 20:25:07,684:INFO:              optuna: Not installed
2024-06-07 20:25:07,684:INFO:               skopt: Not installed
2024-06-07 20:25:07,684:INFO:              mlflow: Not installed
2024-06-07 20:25:07,684:INFO:              gradio: Not installed
2024-06-07 20:25:07,685:INFO:             fastapi: Not installed
2024-06-07 20:25:07,685:INFO:             uvicorn: Not installed
2024-06-07 20:25:07,685:INFO:              m2cgen: Not installed
2024-06-07 20:25:07,685:INFO:           evidently: Not installed
2024-06-07 20:25:07,685:INFO:               fugue: Not installed
2024-06-07 20:25:07,685:INFO:           streamlit: Not installed
2024-06-07 20:25:07,685:INFO:             prophet: Not installed
2024-06-07 20:25:07,685:INFO:None
2024-06-07 20:25:07,686:INFO:Set up data.
2024-06-07 20:25:07,691:INFO:Set up folding strategy.
2024-06-07 20:25:07,691:INFO:Set up train/test split.
2024-06-07 20:25:07,694:INFO:Set up index.
2024-06-07 20:25:07,695:INFO:Assigning column types.
2024-06-07 20:25:07,698:INFO:Engine successfully changes for model 'lr' to 'sklearn'.
2024-06-07 20:25:07,738:INFO:Engine for model 'knn' has not been set explicitly, hence returning None.
2024-06-07 20:25:07,740:INFO:Engine for model 'rbfsvm' has not been set explicitly, hence returning None.
2024-06-07 20:25:07,768:WARNING:
'xgboost' is a soft dependency and not included in the pycaret installation. Please run: `pip install xgboost` to install.
Alternately, you can install this by running `pip install pycaret[models]`
2024-06-07 20:25:07,768:WARNING:
'catboost' is a soft dependency and not included in the pycaret installation. Please run: `pip install catboost` to install.
Alternately, you can install this by running `pip install pycaret[models]`
2024-06-07 20:25:07,810:INFO:Engine for model 'knn' has not been set explicitly, hence returning None.
2024-06-07 20:25:07,810:INFO:Engine for model 'rbfsvm' has not been set explicitly, hence returning None.
2024-06-07 20:25:07,835:WARNING:
'xgboost' is a soft dependency and not included in the pycaret installation. Please run: `pip install xgboost` to install.
Alternately, you can install this by running `pip install pycaret[models]`
2024-06-07 20:25:07,835:WARNING:
'catboost' is a soft dependency and not included in the pycaret installation. Please run: `pip install catboost` to install.
Alternately, you can install this by running `pip install pycaret[models]`
2024-06-07 20:25:07,836:INFO:Engine successfully changes for model 'knn' to 'sklearn'.
2024-06-07 20:25:07,876:INFO:Engine for model 'rbfsvm' has not been set explicitly, hence returning None.
2024-06-07 20:25:07,901:WARNING:
'xgboost' is a soft dependency and not included in the pycaret installation. Please run: `pip install xgboost` to install.
Alternately, you can install this by running `pip install pycaret[models]`
2024-06-07 20:25:07,901:WARNING:
'catboost' is a soft dependency and not included in the pycaret installation. Please run: `pip install catboost` to install.
Alternately, you can install this by running `pip install pycaret[models]`
2024-06-07 20:25:07,945:INFO:Engine for model 'rbfsvm' has not been set explicitly, hence returning None.
2024-06-07 20:25:07,973:WARNING:
'xgboost' is a soft dependency and not included in the pycaret installation. Please run: `pip install xgboost` to install.
Alternately, you can install this by running `pip install pycaret[models]`
2024-06-07 20:25:07,973:WARNING:
'catboost' is a soft dependency and not included in the pycaret installation. Please run: `pip install catboost` to install.
Alternately, you can install this by running `pip install pycaret[models]`
2024-06-07 20:25:07,973:INFO:Engine successfully changes for model 'rbfsvm' to 'sklearn'.
2024-06-07 20:25:08,048:WARNING:
'xgboost' is a soft dependency and not included in the pycaret installation. Please run: `pip install xgboost` to install.
Alternately, you can install this by running `pip install pycaret[models]`
2024-06-07 20:25:08,049:WARNING:
'catboost' is a soft dependency and not included in the pycaret installation. Please run: `pip install catboost` to install.
Alternately, you can install this by running `pip install pycaret[models]`
2024-06-07 20:25:08,120:WARNING:
'xgboost' is a soft dependency and not included in the pycaret installation. Please run: `pip install xgboost` to install.
Alternately, you can install this by running `pip install pycaret[models]`
2024-06-07 20:25:08,120:WARNING:
'catboost' is a soft dependency and not included in the pycaret installation. Please run: `pip install catboost` to install.
Alternately, you can install this by running `pip install pycaret[models]`
2024-06-07 20:25:08,121:INFO:Preparing preprocessing pipeline...
2024-06-07 20:25:08,122:INFO:Set up label encoding.
2024-06-07 20:25:08,122:INFO:Set up simple imputation.
2024-06-07 20:25:08,146:INFO:Finished creating preprocessing pipeline.
2024-06-07 20:25:08,150:INFO:Pipeline: Pipeline(memory=FastMemory(location=/tmp/joblib),
         steps=[('label_encoding',
                 TransformerWrapperWithInverse(exclude=None, include=None,
                                               transformer=LabelEncoder())),
                ('numerical_imputer',
                 TransformerWrapper(exclude=None,
                                    include=['chroma_stft', 'chroma_cqt',
                                             'chroma_cens', 'rmse',
                                             'spectral_centroid',
                                             'spectral_bandwidth',
                                             'spectral_contrast',
                                             'spectral_flatness',...
                                    transformer=SimpleImputer(add_indicator=False,
                                                              copy=True,
                                                              fill_value=None,
                                                              keep_empty_features=False,
                                                              missing_values=nan,
                                                              strategy='mean'))),
                ('categorical_imputer',
                 TransformerWrapper(exclude=None, include=[],
                                    transformer=SimpleImputer(add_indicator=False,
                                                              copy=True,
                                                              fill_value=None,
                                                              keep_empty_features=False,
                                                              missing_values=nan,
                                                              strategy='most_frequent')))],
         verbose=False)
2024-06-07 20:25:08,150:INFO:Creating final display dataframe.
2024-06-07 20:25:08,223:INFO:Setup _display_container:                     Description             Value
0                    Session id               123
1                        Target             label
2                   Target type            Binary
3                Target mapping        1: 0, 2: 1
4           Original data shape          (67, 14)
5        Transformed data shape          (67, 14)
6   Transformed train set shape          (46, 14)
7    Transformed test set shape          (21, 14)
8              Numeric features                13
9                    Preprocess              True
10              Imputation type            simple
11           Numeric imputation              mean
12       Categorical imputation              mode
13               Fold Generator   StratifiedKFold
14                  Fold Number                10
15                     CPU Jobs                -1
16                      Use GPU             False
17               Log Experiment             False
18              Experiment Name  clf-default-name
19                          USI              517f
2024-06-07 20:25:08,299:WARNING:
'xgboost' is a soft dependency and not included in the pycaret installation. Please run: `pip install xgboost` to install.
Alternately, you can install this by running `pip install pycaret[models]`
2024-06-07 20:25:08,300:WARNING:
'catboost' is a soft dependency and not included in the pycaret installation. Please run: `pip install catboost` to install.
Alternately, you can install this by running `pip install pycaret[models]`
2024-06-07 20:25:08,367:WARNING:
'xgboost' is a soft dependency and not included in the pycaret installation. Please run: `pip install xgboost` to install.
Alternately, you can install this by running `pip install pycaret[models]`
2024-06-07 20:25:08,368:WARNING:
'catboost' is a soft dependency and not included in the pycaret installation. Please run: `pip install catboost` to install.
Alternately, you can install this by running `pip install pycaret[models]`
2024-06-07 20:25:08,369:INFO:setup() successfully completed in 0.73s...............
2024-06-07 20:25:08,374:INFO:Initializing save_model()
2024-06-07 20:25:08,374:INFO:save_model(model=RandomForestClassifier(bootstrap=True, ccp_alpha=0.0, class_weight=None,
                       criterion='gini', max_depth=None, max_features='sqrt',
                       max_leaf_nodes=None, max_samples=None,
                       min_impurity_decrease=0.0, min_samples_leaf=1,
                       min_samples_split=2, min_weight_fraction_leaf=0.0,
                       monotonic_cst=None, n_estimators=100, n_jobs=-1,
                       oob_score=False, random_state=123, verbose=0,
                       warm_start=False), model_name=Modelo_RFC, prep_pipe_=Pipeline(memory=FastMemory(location=/tmp/joblib),
         steps=[('label_encoding',
                 TransformerWrapperWithInverse(exclude=None, include=None,
                                               transformer=LabelEncoder())),
                ('numerical_imputer',
                 TransformerWrapper(exclude=None,
                                    include=['chroma_stft', 'chroma_cqt',
                                             'chroma_cens', 'rmse',
                                             'spectral_centroid',
                                             'spectral_bandwidth',
                                             'spectral_contrast',
                                             'spectral_flatness',...
                                    transformer=SimpleImputer(add_indicator=False,
                                                              copy=True,
                                                              fill_value=None,
                                                              keep_empty_features=False,
                                                              missing_values=nan,
                                                              strategy='mean'))),
                ('categorical_imputer',
                 TransformerWrapper(exclude=None, include=[],
                                    transformer=SimpleImputer(add_indicator=False,
                                                              copy=True,
                                                              fill_value=None,
                                                              keep_empty_features=False,
                                                              missing_values=nan,
                                                              strategy='most_frequent')))],
         verbose=False), verbose=True, use_case=MLUsecase.CLASSIFICATION, kwargs={})
2024-06-07 20:25:08,374:INFO:Adding model into prep_pipe
2024-06-07 20:25:08,416:INFO:Modelo_RFC.pkl saved in current working directory
2024-06-07 20:25:08,421:INFO:Pipeline(memory=Memory(location=None),
         steps=[('label_encoding',
                 TransformerWrapperWithInverse(exclude=None, include=None,
                                               transformer=LabelEncoder())),
                ('numerical_imputer',
                 TransformerWrapper(exclude=None,
                                    include=['chroma_stft', 'chroma_cqt',
                                             'chroma_cens', 'rmse',
                                             'spectral_centroid',
                                             'spectral_bandwidth',
                                             'spectral_contrast',
                                             'spectral_flatness',
                                             'spectral_r...
                 RandomForestClassifier(bootstrap=True, ccp_alpha=0.0,
                                        class_weight=None, criterion='gini',
                                        max_depth=None, max_features='sqrt',
                                        max_leaf_nodes=None, max_samples=None,
                                        min_impurity_decrease=0.0,
                                        min_samples_leaf=1, min_samples_split=2,
                                        min_weight_fraction_leaf=0.0,
                                        monotonic_cst=None, n_estimators=100,
                                        n_jobs=-1, oob_score=False,
                                        random_state=123, verbose=0,
                                        warm_start=False))],
         verbose=False)
2024-06-07 20:25:08,421:INFO:save_model() successfully completed......................................
2024-06-07 22:44:44,957:WARNING:
'cuml' is a soft dependency and not included in the pycaret installation. Please run: `pip install cuml` to install.
2024-06-07 22:44:44,957:WARNING:
'cuml' is a soft dependency and not included in the pycaret installation. Please run: `pip install cuml` to install.
2024-06-07 22:44:44,957:WARNING:
'cuml' is a soft dependency and not included in the pycaret installation. Please run: `pip install cuml` to install.
2024-06-07 22:44:44,957:WARNING:
'cuml' is a soft dependency and not included in the pycaret installation. Please run: `pip install cuml` to install.
